{"D:\\projects\\swiggy_app\\src\\components\\Body.js": {"path":"D:\\projects\\swiggy_app\\src\\components\\Body.js","statementMap":{"0":{"start":{"line":9,"column":30},"end":{"line":23,"column":1}},"1":{"start":{"line":10,"column":16},"end":{"line":10,"column":33}},"2":{"start":{"line":11,"column":2},"end":{"line":11,"column":39}},"3":{"start":{"line":11,"column":29},"end":{"line":11,"column":39}},"4":{"start":{"line":13,"column":2},"end":{"line":21,"column":3}},"5":{"start":{"line":14,"column":21},"end":{"line":14,"column":37}},"6":{"start":{"line":15,"column":4},"end":{"line":17,"column":5}},"7":{"start":{"line":16,"column":6},"end":{"line":16,"column":61}},"8":{"start":{"line":18,"column":4},"end":{"line":20,"column":5}},"9":{"start":{"line":19,"column":6},"end":{"line":19,"column":34}},"10":{"start":{"line":22,"column":2},"end":{"line":22,"column":12}},"11":{"start":{"line":25,"column":13},"end":{"line":151,"column":1}},"12":{"start":{"line":26,"column":42},"end":{"line":26,"column":54}},"13":{"start":{"line":27,"column":56},"end":{"line":27,"column":68}},"14":{"start":{"line":28,"column":38},"end":{"line":28,"column":50}},"15":{"start":{"line":29,"column":32},"end":{"line":29,"column":47}},"16":{"start":{"line":30,"column":40},"end":{"line":30,"column":63}},"17":{"start":{"line":32,"column":26},"end":{"line":32,"column":54}},"18":{"start":{"line":33,"column":33},"end":{"line":33,"column":61}},"19":{"start":{"line":35,"column":2},"end":{"line":37,"column":9}},"20":{"start":{"line":36,"column":4},"end":{"line":36,"column":23}},"21":{"start":{"line":39,"column":2},"end":{"line":48,"column":38}},"22":{"start":{"line":40,"column":4},"end":{"line":43,"column":5}},"23":{"start":{"line":41,"column":6},"end":{"line":41,"column":43}},"24":{"start":{"line":42,"column":6},"end":{"line":42,"column":13}},"25":{"start":{"line":44,"column":18},"end":{"line":44,"column":47}},"26":{"start":{"line":45,"column":4},"end":{"line":47,"column":6}},"27":{"start":{"line":46,"column":35},"end":{"line":46,"column":78}},"28":{"start":{"line":50,"column":27},"end":{"line":68,"column":3}},"29":{"start":{"line":51,"column":4},"end":{"line":51,"column":24}},"30":{"start":{"line":51,"column":17},"end":{"line":51,"column":24}},"31":{"start":{"line":52,"column":4},"end":{"line":67,"column":5}},"32":{"start":{"line":53,"column":6},"end":{"line":53,"column":23}},"33":{"start":{"line":55,"column":8},"end":{"line":55,"column":101}},"34":{"start":{"line":56,"column":18},"end":{"line":56,"column":34}},"35":{"start":{"line":57,"column":19},"end":{"line":57,"column":35}},"36":{"start":{"line":58,"column":29},"end":{"line":58,"column":56}},"37":{"start":{"line":59,"column":6},"end":{"line":62,"column":7}},"38":{"start":{"line":60,"column":8},"end":{"line":60,"column":40}},"39":{"start":{"line":61,"column":8},"end":{"line":61,"column":47}},"40":{"start":{"line":64,"column":6},"end":{"line":64,"column":57}},"41":{"start":{"line":66,"column":6},"end":{"line":66,"column":24}},"42":{"start":{"line":70,"column":23},"end":{"line":70,"column":40}},"43":{"start":{"line":72,"column":2},"end":{"line":74,"column":3}},"44":{"start":{"line":73,"column":4},"end":{"line":73,"column":25}},"45":{"start":{"line":76,"column":2},"end":{"line":84,"column":3}},"46":{"start":{"line":77,"column":4},"end":{"line":83,"column":6}},"47":{"start":{"line":86,"column":2},"end":{"line":150,"column":4}},"48":{"start":{"line":94,"column":29},"end":{"line":94,"column":58}},"49":{"start":{"line":100,"column":29},"end":{"line":100,"column":46}},"50":{"start":{"line":110,"column":29},"end":{"line":110,"column":89}},"51":{"start":{"line":110,"column":58},"end":{"line":110,"column":88}},"52":{"start":{"line":111,"column":12},"end":{"line":111,"column":45}},"53":{"start":{"line":122,"column":29},"end":{"line":122,"column":56}},"54":{"start":{"line":135,"column":12},"end":{"line":145,"column":19}}},"fnMap":{"0":{"name":"(anonymous_0)","decl":{"start":{"line":9,"column":30},"end":{"line":9,"column":31}},"loc":{"start":{"line":9,"column":40},"end":{"line":23,"column":1}},"line":9},"1":{"name":"(anonymous_1)","decl":{"start":{"line":25,"column":13},"end":{"line":25,"column":14}},"loc":{"start":{"line":25,"column":19},"end":{"line":151,"column":1}},"line":25},"2":{"name":"(anonymous_2)","decl":{"start":{"line":35,"column":12},"end":{"line":35,"column":13}},"loc":{"start":{"line":35,"column":18},"end":{"line":37,"column":3}},"line":35},"3":{"name":"(anonymous_3)","decl":{"start":{"line":39,"column":12},"end":{"line":39,"column":13}},"loc":{"start":{"line":39,"column":18},"end":{"line":48,"column":3}},"line":39},"4":{"name":"(anonymous_4)","decl":{"start":{"line":46,"column":26},"end":{"line":46,"column":27}},"loc":{"start":{"line":46,"column":35},"end":{"line":46,"column":78}},"line":46},"5":{"name":"(anonymous_5)","decl":{"start":{"line":50,"column":27},"end":{"line":50,"column":28}},"loc":{"start":{"line":50,"column":39},"end":{"line":68,"column":3}},"line":50},"6":{"name":"(anonymous_6)","decl":{"start":{"line":94,"column":22},"end":{"line":94,"column":23}},"loc":{"start":{"line":94,"column":29},"end":{"line":94,"column":58}},"line":94},"7":{"name":"(anonymous_7)","decl":{"start":{"line":100,"column":23},"end":{"line":100,"column":24}},"loc":{"start":{"line":100,"column":29},"end":{"line":100,"column":46}},"line":100},"8":{"name":"(anonymous_8)","decl":{"start":{"line":109,"column":19},"end":{"line":109,"column":20}},"loc":{"start":{"line":109,"column":25},"end":{"line":112,"column":11}},"line":109},"9":{"name":"(anonymous_9)","decl":{"start":{"line":110,"column":49},"end":{"line":110,"column":50}},"loc":{"start":{"line":110,"column":58},"end":{"line":110,"column":88}},"line":110},"10":{"name":"(anonymous_10)","decl":{"start":{"line":122,"column":22},"end":{"line":122,"column":23}},"loc":{"start":{"line":122,"column":29},"end":{"line":122,"column":56}},"line":122},"11":{"name":"(anonymous_11)","decl":{"start":{"line":134,"column":34},"end":{"line":134,"column":35}},"loc":{"start":{"line":135,"column":12},"end":{"line":145,"column":19}},"line":135}},"branchMap":{"0":{"loc":{"start":{"line":11,"column":2},"end":{"line":11,"column":39}},"type":"if","locations":[{"start":{"line":11,"column":2},"end":{"line":11,"column":39}},{"start":{},"end":{}}],"line":11},"1":{"loc":{"start":{"line":15,"column":4},"end":{"line":17,"column":5}},"type":"if","locations":[{"start":{"line":15,"column":4},"end":{"line":17,"column":5}},{"start":{},"end":{}}],"line":15},"2":{"loc":{"start":{"line":18,"column":4},"end":{"line":20,"column":5}},"type":"if","locations":[{"start":{"line":18,"column":4},"end":{"line":20,"column":5}},{"start":{},"end":{}}],"line":18},"3":{"loc":{"start":{"line":40,"column":4},"end":{"line":43,"column":5}},"type":"if","locations":[{"start":{"line":40,"column":4},"end":{"line":43,"column":5}},{"start":{},"end":{}}],"line":40},"4":{"loc":{"start":{"line":51,"column":4},"end":{"line":51,"column":24}},"type":"if","locations":[{"start":{"line":51,"column":4},"end":{"line":51,"column":24}},{"start":{},"end":{}}],"line":51},"5":{"loc":{"start":{"line":59,"column":6},"end":{"line":62,"column":7}},"type":"if","locations":[{"start":{"line":59,"column":6},"end":{"line":62,"column":7}},{"start":{},"end":{}}],"line":59},"6":{"loc":{"start":{"line":72,"column":2},"end":{"line":74,"column":3}},"type":"if","locations":[{"start":{"line":72,"column":2},"end":{"line":74,"column":3}},{"start":{},"end":{}}],"line":72},"7":{"loc":{"start":{"line":72,"column":6},"end":{"line":72,"column":42}},"type":"binary-expr","locations":[{"start":{"line":72,"column":6},"end":{"line":72,"column":13}},{"start":{"line":72,"column":17},"end":{"line":72,"column":42}}],"line":72},"8":{"loc":{"start":{"line":76,"column":2},"end":{"line":84,"column":3}},"type":"if","locations":[{"start":{"line":76,"column":2},"end":{"line":84,"column":3}},{"start":{},"end":{}}],"line":76},"9":{"loc":{"start":{"line":97,"column":11},"end":{"line":104,"column":11}},"type":"binary-expr","locations":[{"start":{"line":97,"column":11},"end":{"line":97,"column":21}},{"start":{"line":98,"column":12},"end":{"line":103,"column":21}}],"line":97},"10":{"loc":{"start":{"line":128,"column":9},"end":{"line":147,"column":9}},"type":"cond-expr","locations":[{"start":{"line":129,"column":10},"end":{"line":132,"column":16}},{"start":{"line":134,"column":10},"end":{"line":146,"column":12}}],"line":128},"11":{"loc":{"start":{"line":128,"column":9},"end":{"line":128,"column":53}},"type":"binary-expr","locations":[{"start":{"line":128,"column":9},"end":{"line":128,"column":41}},{"start":{"line":128,"column":45},"end":{"line":128,"column":53}}],"line":128},"12":{"loc":{"start":{"line":140,"column":15},"end":{"line":144,"column":15}},"type":"cond-expr","locations":[{"start":{"line":141,"column":16},"end":{"line":141,"column":63}},{"start":{"line":143,"column":16},"end":{"line":143,"column":55}}],"line":140}},"s":{"0":1,"1":1,"2":1,"3":0,"4":1,"5":2,"6":2,"7":1,"8":1,"9":0,"10":0,"11":1,"12":3,"13":3,"14":3,"15":3,"16":3,"17":3,"18":3,"19":3,"20":1,"21":3,"22":2,"23":2,"24":2,"25":0,"26":0,"27":0,"28":3,"29":1,"30":0,"31":1,"32":1,"33":1,"34":1,"35":1,"36":1,"37":1,"38":1,"39":1,"40":0,"41":1,"42":3,"43":3,"44":1,"45":2,"46":0,"47":2,"48":0,"49":0,"50":0,"51":0,"52":0,"53":0,"54":20},"f":{"0":1,"1":3,"2":1,"3":2,"4":0,"5":1,"6":0,"7":0,"8":0,"9":0,"10":0,"11":20},"b":{"0":[0,1],"1":[1,1],"2":[0,1],"3":[2,0],"4":[0,1],"5":[1,0],"6":[1,2],"7":[3,1],"8":[0,2],"9":[2,0],"10":[1,1],"11":[2,1],"12":[0,20]},"_coverageSchema":"1a1c01bbd47fc00a2c39e90264f33305004495a9","hash":"047a73faf2b5406cfee84302da0dbf8c74965bb3"}
,"D:\\projects\\swiggy_app\\src\\components\\Contact.js": {"path":"D:\\projects\\swiggy_app\\src\\components\\Contact.js","statementMap":{"0":{"start":{"line":3,"column":16},"end":{"line":95,"column":1}},"1":{"start":{"line":4,"column":36},"end":{"line":8,"column":6}},"2":{"start":{"line":9,"column":38},"end":{"line":9,"column":53}},"3":{"start":{"line":11,"column":30},"end":{"line":17,"column":5}},"4":{"start":{"line":12,"column":32},"end":{"line":12,"column":40}},"5":{"start":{"line":13,"column":8},"end":{"line":16,"column":12}},"6":{"start":{"line":13,"column":29},"end":{"line":16,"column":9}},"7":{"start":{"line":19,"column":25},"end":{"line":31,"column":5}},"8":{"start":{"line":20,"column":8},"end":{"line":20,"column":27}},"9":{"start":{"line":21,"column":8},"end":{"line":30,"column":9}},"10":{"start":{"line":22,"column":12},"end":{"line":22,"column":53}},"11":{"start":{"line":23,"column":12},"end":{"line":23,"column":31}},"12":{"start":{"line":24,"column":12},"end":{"line":24,"column":62}},"13":{"start":{"line":25,"column":12},"end":{"line":27,"column":21}},"14":{"start":{"line":26,"column":16},"end":{"line":26,"column":36}},"15":{"start":{"line":29,"column":12},"end":{"line":29,"column":44}},"16":{"start":{"line":33,"column":4},"end":{"line":94,"column":6}}},"fnMap":{"0":{"name":"(anonymous_0)","decl":{"start":{"line":3,"column":16},"end":{"line":3,"column":17}},"loc":{"start":{"line":3,"column":22},"end":{"line":95,"column":1}},"line":3},"1":{"name":"(anonymous_1)","decl":{"start":{"line":11,"column":30},"end":{"line":11,"column":31}},"loc":{"start":{"line":11,"column":37},"end":{"line":17,"column":5}},"line":11},"2":{"name":"(anonymous_2)","decl":{"start":{"line":13,"column":20},"end":{"line":13,"column":21}},"loc":{"start":{"line":13,"column":29},"end":{"line":16,"column":9}},"line":13},"3":{"name":"(anonymous_3)","decl":{"start":{"line":19,"column":25},"end":{"line":19,"column":26}},"loc":{"start":{"line":19,"column":32},"end":{"line":31,"column":5}},"line":19},"4":{"name":"(anonymous_4)","decl":{"start":{"line":25,"column":23},"end":{"line":25,"column":24}},"loc":{"start":{"line":25,"column":29},"end":{"line":27,"column":13}},"line":25}},"branchMap":{"0":{"loc":{"start":{"line":21,"column":8},"end":{"line":30,"column":9}},"type":"if","locations":[{"start":{"line":21,"column":8},"end":{"line":30,"column":9}},{"start":{"line":28,"column":15},"end":{"line":30,"column":9}}],"line":21},"1":{"loc":{"start":{"line":21,"column":12},"end":{"line":21,"column":63}},"type":"binary-expr","locations":[{"start":{"line":21,"column":12},"end":{"line":21,"column":25}},{"start":{"line":21,"column":29},"end":{"line":21,"column":43}},{"start":{"line":21,"column":47},"end":{"line":21,"column":63}}],"line":21},"2":{"loc":{"start":{"line":39,"column":17},"end":{"line":43,"column":17}},"type":"binary-expr","locations":[{"start":{"line":39,"column":17},"end":{"line":39,"column":26}},{"start":{"line":40,"column":20},"end":{"line":42,"column":26}}],"line":39}},"s":{"0":1,"1":3,"2":3,"3":3,"4":0,"5":0,"6":0,"7":3,"8":0,"9":0,"10":0,"11":0,"12":0,"13":0,"14":0,"15":0,"16":3},"f":{"0":3,"1":0,"2":0,"3":0,"4":0},"b":{"0":[0,0],"1":[0,0,0],"2":[3,0]},"_coverageSchema":"1a1c01bbd47fc00a2c39e90264f33305004495a9","hash":"2ba8bd54702d92e6f8f427424237e6aa471c891b"}
,"D:\\projects\\swiggy_app\\src\\components\\Header.js": {"path":"D:\\projects\\swiggy_app\\src\\components\\Header.js","statementMap":{"0":{"start":{"line":9,"column":15},"end":{"line":88,"column":1}},"1":{"start":{"line":10,"column":36},"end":{"line":10,"column":51}},"2":{"start":{"line":11,"column":25},"end":{"line":11,"column":42}},"3":{"start":{"line":12,"column":49},"end":{"line":12,"column":72}},"4":{"start":{"line":13,"column":21},"end":{"line":13,"column":61}},"5":{"start":{"line":13,"column":44},"end":{"line":13,"column":60}},"6":{"start":{"line":14,"column":32},"end":{"line":14,"column":66}},"7":{"start":{"line":14,"column":55},"end":{"line":14,"column":65}},"8":{"start":{"line":15,"column":21},"end":{"line":15,"column":34}},"9":{"start":{"line":17,"column":23},"end":{"line":23,"column":5}},"10":{"start":{"line":18,"column":8},"end":{"line":22,"column":9}},"11":{"start":{"line":19,"column":12},"end":{"line":19,"column":31}},"12":{"start":{"line":21,"column":12},"end":{"line":21,"column":63}},"13":{"start":{"line":26,"column":8},"end":{"line":26,"column":125}},"14":{"start":{"line":28,"column":4},"end":{"line":87,"column":6}},"15":{"start":{"line":37,"column":27},"end":{"line":37,"column":49}}},"fnMap":{"0":{"name":"(anonymous_0)","decl":{"start":{"line":9,"column":15},"end":{"line":9,"column":16}},"loc":{"start":{"line":9,"column":21},"end":{"line":88,"column":1}},"line":9},"1":{"name":"(anonymous_1)","decl":{"start":{"line":13,"column":33},"end":{"line":13,"column":34}},"loc":{"start":{"line":13,"column":44},"end":{"line":13,"column":60}},"line":13},"2":{"name":"(anonymous_2)","decl":{"start":{"line":14,"column":44},"end":{"line":14,"column":45}},"loc":{"start":{"line":14,"column":55},"end":{"line":14,"column":65}},"line":14},"3":{"name":"(anonymous_3)","decl":{"start":{"line":17,"column":23},"end":{"line":17,"column":24}},"loc":{"start":{"line":17,"column":29},"end":{"line":23,"column":5}},"line":17},"4":{"name":"(anonymous_4)","decl":{"start":{"line":37,"column":21},"end":{"line":37,"column":22}},"loc":{"start":{"line":37,"column":27},"end":{"line":37,"column":49}},"line":37}},"branchMap":{"0":{"loc":{"start":{"line":18,"column":8},"end":{"line":22,"column":9}},"type":"if","locations":[{"start":{"line":18,"column":8},"end":{"line":22,"column":9}},{"start":{"line":20,"column":15},"end":{"line":22,"column":9}}],"line":18},"1":{"loc":{"start":{"line":21,"column":35},"end":{"line":21,"column":58}},"type":"binary-expr","locations":[{"start":{"line":21,"column":35},"end":{"line":21,"column":47}},{"start":{"line":21,"column":51},"end":{"line":21,"column":58}}],"line":21},"2":{"loc":{"start":{"line":40,"column":13},"end":{"line":40,"column":33}},"type":"cond-expr","locations":[{"start":{"line":40,"column":24},"end":{"line":40,"column":27}},{"start":{"line":40,"column":30},"end":{"line":40,"column":33}}],"line":40},"3":{"loc":{"start":{"line":51,"column":16},"end":{"line":51,"column":45}},"type":"cond-expr","locations":[{"start":{"line":51,"column":27},"end":{"line":51,"column":34}},{"start":{"line":51,"column":37},"end":{"line":51,"column":45}}],"line":51},"4":{"loc":{"start":{"line":55,"column":51},"end":{"line":55,"column":77}},"type":"cond-expr","locations":[{"start":{"line":55,"column":66},"end":{"line":55,"column":70}},{"start":{"line":55,"column":73},"end":{"line":55,"column":77}}],"line":55},"5":{"loc":{"start":{"line":71,"column":17},"end":{"line":71,"column":53}},"type":"cond-expr","locations":[{"start":{"line":71,"column":35},"end":{"line":71,"column":43}},{"start":{"line":71,"column":46},"end":{"line":71,"column":53}}],"line":71},"6":{"loc":{"start":{"line":81,"column":17},"end":{"line":81,"column":48}},"type":"cond-expr","locations":[{"start":{"line":81,"column":37},"end":{"line":81,"column":41}},{"start":{"line":81,"column":44},"end":{"line":81,"column":48}}],"line":81}},"s":{"0":1,"1":3,"2":3,"3":3,"4":3,"5":6,"6":3,"7":6,"8":3,"9":3,"10":1,"11":0,"12":1,"13":3,"14":3,"15":0},"f":{"0":3,"1":6,"2":6,"3":1,"4":0},"b":{"0":[0,1],"1":[1,0],"2":[0,3],"3":[0,3],"4":[3,0],"5":[1,2],"6":[0,3]},"_coverageSchema":"1a1c01bbd47fc00a2c39e90264f33305004495a9","hash":"1082378254ea0257fa19cca0eb22c05b090a3479"}
,"D:\\projects\\swiggy_app\\src\\components\\RestaurantCard.js": {"path":"D:\\projects\\swiggy_app\\src\\components\\RestaurantCard.js","statementMap":{"0":{"start":{"line":3,"column":23},"end":{"line":27,"column":1}},"1":{"start":{"line":4,"column":22},"end":{"line":4,"column":27}},"2":{"start":{"line":6,"column":71},"end":{"line":6,"column":84}},"3":{"start":{"line":8,"column":4},"end":{"line":26,"column":6}},"4":{"start":{"line":29,"column":28},"end":{"line":40,"column":1}},"5":{"start":{"line":30,"column":4},"end":{"line":39,"column":5}},"6":{"start":{"line":31,"column":8},"end":{"line":38,"column":9}}},"fnMap":{"0":{"name":"(anonymous_0)","decl":{"start":{"line":3,"column":23},"end":{"line":3,"column":24}},"loc":{"start":{"line":3,"column":34},"end":{"line":27,"column":1}},"line":3},"1":{"name":"(anonymous_1)","decl":{"start":{"line":29,"column":28},"end":{"line":29,"column":29}},"loc":{"start":{"line":29,"column":47},"end":{"line":40,"column":1}},"line":29},"2":{"name":"(anonymous_2)","decl":{"start":{"line":30,"column":10},"end":{"line":30,"column":11}},"loc":{"start":{"line":30,"column":19},"end":{"line":39,"column":5}},"line":30}},"branchMap":{},"s":{"0":2,"1":23,"2":22,"3":20,"4":2,"5":3,"6":0},"f":{"0":23,"1":3,"2":0},"b":{},"_coverageSchema":"1a1c01bbd47fc00a2c39e90264f33305004495a9","hash":"9538bbca389bb255b6acb2a0a3469dd5217812e0"}
,"D:\\projects\\swiggy_app\\src\\components\\Shimmer.js": {"path":"D:\\projects\\swiggy_app\\src\\components\\Shimmer.js","statementMap":{"0":{"start":{"line":1,"column":18},"end":{"line":12,"column":1}},"1":{"start":{"line":2,"column":4},"end":{"line":11,"column":5}},"2":{"start":{"line":5,"column":16},"end":{"line":8,"column":18}},"3":{"start":{"line":14,"column":29},"end":{"line":57,"column":1}},"4":{"start":{"line":15,"column":4},"end":{"line":56,"column":5}}},"fnMap":{"0":{"name":"(anonymous_0)","decl":{"start":{"line":1,"column":18},"end":{"line":1,"column":19}},"loc":{"start":{"line":1,"column":24},"end":{"line":12,"column":1}},"line":1},"1":{"name":"(anonymous_1)","decl":{"start":{"line":4,"column":43},"end":{"line":4,"column":44}},"loc":{"start":{"line":5,"column":16},"end":{"line":8,"column":18}},"line":5},"2":{"name":"(anonymous_2)","decl":{"start":{"line":14,"column":29},"end":{"line":14,"column":30}},"loc":{"start":{"line":14,"column":35},"end":{"line":57,"column":1}},"line":14}},"branchMap":{},"s":{"0":1,"1":1,"2":8,"3":1,"4":0},"f":{"0":1,"1":8,"2":0},"b":{},"_coverageSchema":"1a1c01bbd47fc00a2c39e90264f33305004495a9","hash":"3063b2a41b5293ef7d16bb5de8323de2eab981d0"}
,"D:\\projects\\swiggy_app\\src\\components\\sum.js": {"path":"D:\\projects\\swiggy_app\\src\\components\\sum.js","statementMap":{"0":{"start":{"line":1,"column":19},"end":{"line":3,"column":1}},"1":{"start":{"line":2,"column":4},"end":{"line":2,"column":17}}},"fnMap":{"0":{"name":"(anonymous_0)","decl":{"start":{"line":1,"column":19},"end":{"line":1,"column":20}},"loc":{"start":{"line":1,"column":28},"end":{"line":3,"column":1}},"line":1}},"branchMap":{},"s":{"0":1,"1":1},"f":{"0":1},"b":{},"_coverageSchema":"1a1c01bbd47fc00a2c39e90264f33305004495a9","hash":"84b896cf2b769a627f20308ae0c9c780e2e9f3ac"}
,"D:\\projects\\swiggy_app\\src\\utils\\appStore.js": {"path":"D:\\projects\\swiggy_app\\src\\utils\\appStore.js","statementMap":{"0":{"start":{"line":5,"column":17},"end":{"line":10,"column":2}}},"fnMap":{},"branchMap":{},"s":{"0":1},"f":{},"b":{},"_coverageSchema":"1a1c01bbd47fc00a2c39e90264f33305004495a9","hash":"1ff979b98c157d6a4479587723c5a3718c7217ee"}
,"D:\\projects\\swiggy_app\\src\\utils\\authSlice.js": {"path":"D:\\projects\\swiggy_app\\src\\utils\\authSlice.js","statementMap":{"0":{"start":{"line":3,"column":18},"end":{"line":19,"column":2}},"1":{"start":{"line":11,"column":6},"end":{"line":11,"column":35}},"2":{"start":{"line":12,"column":6},"end":{"line":12,"column":34}},"3":{"start":{"line":15,"column":6},"end":{"line":15,"column":36}},"4":{"start":{"line":16,"column":6},"end":{"line":16,"column":24}},"5":{"start":{"line":21,"column":33},"end":{"line":21,"column":50}}},"fnMap":{"0":{"name":"(anonymous_0)","decl":{"start":{"line":10,"column":11},"end":{"line":10,"column":12}},"loc":{"start":{"line":10,"column":30},"end":{"line":13,"column":5}},"line":10},"1":{"name":"(anonymous_1)","decl":{"start":{"line":14,"column":12},"end":{"line":14,"column":13}},"loc":{"start":{"line":14,"column":23},"end":{"line":17,"column":5}},"line":14}},"branchMap":{},"s":{"0":1,"1":1,"2":1,"3":2,"4":2,"5":1},"f":{"0":1,"1":2},"b":{},"_coverageSchema":"1a1c01bbd47fc00a2c39e90264f33305004495a9","hash":"d4e3d82ee85ce7a1d131e25c14108ad4469bc43c"}
,"D:\\projects\\swiggy_app\\src\\utils\\cartSlice.js": {"path":"D:\\projects\\swiggy_app\\src\\utils\\cartSlice.js","statementMap":{"0":{"start":{"line":3,"column":18},"end":{"line":30,"column":2}},"1":{"start":{"line":20,"column":12},"end":{"line":20,"column":44}},"2":{"start":{"line":23,"column":12},"end":{"line":23,"column":30}},"3":{"start":{"line":26,"column":12},"end":{"line":26,"column":35}},"4":{"start":{"line":32,"column":48},"end":{"line":32,"column":65}}},"fnMap":{"0":{"name":"(anonymous_0)","decl":{"start":{"line":18,"column":17},"end":{"line":18,"column":18}},"loc":{"start":{"line":18,"column":35},"end":{"line":21,"column":9}},"line":18},"1":{"name":"(anonymous_1)","decl":{"start":{"line":22,"column":21},"end":{"line":22,"column":22}},"loc":{"start":{"line":22,"column":39},"end":{"line":24,"column":9}},"line":22},"2":{"name":"(anonymous_2)","decl":{"start":{"line":25,"column":20},"end":{"line":25,"column":21}},"loc":{"start":{"line":25,"column":39},"end":{"line":27,"column":9}},"line":25}},"branchMap":{},"s":{"0":1,"1":0,"2":0,"3":0,"4":1},"f":{"0":0,"1":0,"2":0},"b":{},"_coverageSchema":"1a1c01bbd47fc00a2c39e90264f33305004495a9","hash":"caf2a900593b3cf02074a5cfd5d749fe7406bb63"}
,"D:\\projects\\swiggy_app\\src\\utils\\constants.js": {"path":"D:\\projects\\swiggy_app\\src\\utils\\constants.js","statementMap":{"0":{"start":{"line":1,"column":23},"end":{"line":1,"column":117}},"1":{"start":{"line":12,"column":23},"end":{"line":12,"column":123}},"2":{"start":{"line":14,"column":20},"end":{"line":14,"column":113}},"3":{"start":{"line":16,"column":36},"end":{"line":16,"column":87}}},"fnMap":{},"branchMap":{},"s":{"0":3,"1":3,"2":3,"3":3},"f":{},"b":{},"_coverageSchema":"1a1c01bbd47fc00a2c39e90264f33305004495a9","hash":"34a33d8f583be357916e380480f3bad4ca7636d8"}
,"D:\\projects\\swiggy_app\\src\\utils\\useDebounce.js": {"path":"D:\\projects\\swiggy_app\\src\\utils\\useDebounce.js","statementMap":{"0":{"start":{"line":3,"column":20},"end":{"line":12,"column":1}},"1":{"start":{"line":4,"column":46},"end":{"line":4,"column":61}},"2":{"start":{"line":6,"column":2},"end":{"line":9,"column":21}},"3":{"start":{"line":7,"column":18},"end":{"line":7,"column":67}},"4":{"start":{"line":7,"column":35},"end":{"line":7,"column":59}},"5":{"start":{"line":8,"column":4},"end":{"line":8,"column":37}},"6":{"start":{"line":8,"column":17},"end":{"line":8,"column":36}},"7":{"start":{"line":11,"column":2},"end":{"line":11,"column":24}}},"fnMap":{"0":{"name":"(anonymous_0)","decl":{"start":{"line":3,"column":20},"end":{"line":3,"column":21}},"loc":{"start":{"line":3,"column":44},"end":{"line":12,"column":1}},"line":3},"1":{"name":"(anonymous_1)","decl":{"start":{"line":6,"column":12},"end":{"line":6,"column":13}},"loc":{"start":{"line":6,"column":18},"end":{"line":9,"column":3}},"line":6},"2":{"name":"(anonymous_2)","decl":{"start":{"line":7,"column":29},"end":{"line":7,"column":30}},"loc":{"start":{"line":7,"column":35},"end":{"line":7,"column":59}},"line":7},"3":{"name":"(anonymous_3)","decl":{"start":{"line":8,"column":11},"end":{"line":8,"column":12}},"loc":{"start":{"line":8,"column":17},"end":{"line":8,"column":36}},"line":8}},"branchMap":{"0":{"loc":{"start":{"line":3,"column":28},"end":{"line":3,"column":39}},"type":"default-arg","locations":[{"start":{"line":3,"column":36},"end":{"line":3,"column":39}}],"line":3}},"s":{"0":1,"1":3,"2":3,"3":1,"4":0,"5":1,"6":1,"7":3},"f":{"0":3,"1":1,"2":0,"3":1},"b":{"0":[0]},"_coverageSchema":"1a1c01bbd47fc00a2c39e90264f33305004495a9","hash":"c66c74cd8e85844995611a3c54ac21a29dc86577"}
,"D:\\projects\\swiggy_app\\src\\utils\\useOnlineStatus.js": {"path":"D:\\projects\\swiggy_app\\src\\utils\\useOnlineStatus.js","statementMap":{"0":{"start":{"line":3,"column":24},"end":{"line":20,"column":1}},"1":{"start":{"line":5,"column":43},"end":{"line":5,"column":57}},"2":{"start":{"line":9,"column":4},"end":{"line":17,"column":10}},"3":{"start":{"line":10,"column":8},"end":{"line":12,"column":11}},"4":{"start":{"line":11,"column":12},"end":{"line":11,"column":35}},"5":{"start":{"line":14,"column":8},"end":{"line":16,"column":10}},"6":{"start":{"line":15,"column":12},"end":{"line":15,"column":33}},"7":{"start":{"line":19,"column":4},"end":{"line":19,"column":24}}},"fnMap":{"0":{"name":"(anonymous_0)","decl":{"start":{"line":3,"column":24},"end":{"line":3,"column":25}},"loc":{"start":{"line":3,"column":28},"end":{"line":20,"column":1}},"line":3},"1":{"name":"(anonymous_1)","decl":{"start":{"line":9,"column":14},"end":{"line":9,"column":15}},"loc":{"start":{"line":9,"column":18},"end":{"line":17,"column":5}},"line":9},"2":{"name":"(anonymous_2)","decl":{"start":{"line":10,"column":43},"end":{"line":10,"column":44}},"loc":{"start":{"line":10,"column":47},"end":{"line":12,"column":9}},"line":10},"3":{"name":"(anonymous_3)","decl":{"start":{"line":14,"column":43},"end":{"line":14,"column":44}},"loc":{"start":{"line":14,"column":47},"end":{"line":16,"column":9}},"line":14}},"branchMap":{},"s":{"0":2,"1":6,"2":6,"3":3,"4":0,"5":3,"6":0,"7":6},"f":{"0":6,"1":3,"2":0,"3":0},"b":{},"_coverageSchema":"1a1c01bbd47fc00a2c39e90264f33305004495a9","hash":"8f02e7f7718c50e29a9a6f848b7b44aae3209b6d"}
,"D:\\projects\\swiggy_app\\src\\utils\\userContext.js": {"path":"D:\\projects\\swiggy_app\\src\\utils\\userContext.js","statementMap":{"0":{"start":{"line":3,"column":20},"end":{"line":6,"column":2}}},"fnMap":{},"branchMap":{},"s":{"0":2},"f":{},"b":{},"_coverageSchema":"1a1c01bbd47fc00a2c39e90264f33305004495a9","hash":"448c853026ca90d7554dea9ed1724b0d66dd24e6"}
}
