TN:
SF:src\components\Body.js
FN:10,(anonymous_0)
FN:27,(anonymous_1)
FN:28,(anonymous_2)
FN:29,(anonymous_3)
FN:33,(anonymous_4)
FN:46,(anonymous_5)
FN:66,(anonymous_6)
FN:81,(anonymous_7)
FN:85,(anonymous_8)
FN:92,(anonymous_9)
FN:96,(anonymous_10)
FN:97,(anonymous_11)
FN:107,(anonymous_12)
FN:134,(anonymous_13)
FN:140,(anonymous_14)
FN:149,(anonymous_15)
FN:150,(anonymous_16)
FN:162,(anonymous_17)
FN:174,(anonymous_18)
FNF:19
FNH:8
FNDA:1,(anonymous_0)
FNDA:0,(anonymous_1)
FNDA:0,(anonymous_2)
FNDA:0,(anonymous_3)
FNDA:3,(anonymous_4)
FNDA:1,(anonymous_5)
FNDA:1,(anonymous_6)
FNDA:1,(anonymous_7)
FNDA:2,(anonymous_8)
FNDA:0,(anonymous_9)
FNDA:2,(anonymous_10)
FNDA:0,(anonymous_11)
FNDA:2,(anonymous_12)
FNDA:0,(anonymous_13)
FNDA:0,(anonymous_14)
FNDA:0,(anonymous_15)
FNDA:0,(anonymous_16)
FNDA:0,(anonymous_17)
FNDA:0,(anonymous_18)
DA:10,1
DA:11,1
DA:12,1
DA:14,1
DA:15,1
DA:16,12
DA:17,12
DA:18,2
DA:20,12
DA:21,0
DA:24,1
DA:27,1
DA:28,0
DA:29,0
DA:30,0
DA:33,1
DA:34,3
DA:35,3
DA:36,3
DA:37,3
DA:38,3
DA:39,3
DA:40,3
DA:41,3
DA:43,3
DA:44,3
DA:46,3
DA:47,1
DA:49,1
DA:50,1
DA:51,1
DA:52,1
DA:53,0
DA:55,1
DA:56,1
DA:57,0
DA:60,1
DA:61,1
DA:62,1
DA:63,1
DA:65,1
DA:66,1
DA:67,1
DA:71,1
DA:73,0
DA:75,1
DA:76,1
DA:77,1
DA:81,3
DA:82,1
DA:85,3
DA:86,2
DA:87,2
DA:88,2
DA:90,0
DA:91,0
DA:92,0
DA:96,3
DA:97,2
DA:99,0
DA:101,0
DA:102,0
DA:106,2
DA:107,2
DA:110,3
DA:112,3
DA:113,1
DA:116,2
DA:117,0
DA:126,2
DA:134,0
DA:140,0
DA:150,0
DA:151,0
DA:162,0
DA:175,0
LF:76
LH:56
BRDA:12,0,0,0
BRDA:12,0,1,1
BRDA:17,1,0,2
BRDA:17,1,1,10
BRDA:20,2,0,0
BRDA:20,2,1,12
BRDA:46,3,0,1
BRDA:47,4,0,0
BRDA:47,4,1,1
BRDA:52,5,0,1
BRDA:52,5,1,0
BRDA:56,6,0,0
BRDA:56,6,1,1
BRDA:63,7,0,1
BRDA:63,7,1,0
BRDA:65,8,0,1
BRDA:65,8,1,0
BRDA:67,9,0,1
BRDA:67,9,1,0
BRDA:86,10,0,2
BRDA:86,10,1,0
BRDA:101,11,0,0
BRDA:101,11,1,0
BRDA:101,12,0,0
BRDA:101,12,1,0
BRDA:101,12,2,0
BRDA:112,13,0,1
BRDA:112,13,1,2
BRDA:112,14,0,3
BRDA:112,14,1,1
BRDA:116,15,0,0
BRDA:116,15,1,2
BRDA:137,16,0,2
BRDA:137,16,1,0
BRDA:168,17,0,2
BRDA:168,17,1,0
BRDA:168,18,0,2
BRDA:168,18,1,2
BRDA:180,19,0,0
BRDA:180,19,1,0
BRDA:190,20,0,2
BRDA:190,20,1,0
BRDA:196,21,0,2
BRDA:196,21,1,1
BRDA:196,21,2,0
BRDA:196,21,3,0
BRF:46
BRH:24
end_of_record
TN:
SF:src\components\Contact.js
FN:3,(anonymous_0)
FN:11,(anonymous_1)
FN:13,(anonymous_2)
FN:19,(anonymous_3)
FN:25,(anonymous_4)
FNF:5
FNH:1
FNDA:3,(anonymous_0)
FNDA:0,(anonymous_1)
FNDA:0,(anonymous_2)
FNDA:0,(anonymous_3)
FNDA:0,(anonymous_4)
DA:3,1
DA:4,3
DA:9,3
DA:11,3
DA:12,0
DA:13,0
DA:19,3
DA:20,0
DA:21,0
DA:22,0
DA:23,0
DA:24,0
DA:25,0
DA:26,0
DA:29,0
DA:33,3
LF:16
LH:6
BRDA:21,0,0,0
BRDA:21,0,1,0
BRDA:21,1,0,0
BRDA:21,1,1,0
BRDA:21,1,2,0
BRDA:39,2,0,3
BRDA:39,2,1,0
BRF:7
BRH:1
end_of_record
TN:
SF:src\components\Header.js
FN:9,(anonymous_0)
FN:13,(anonymous_1)
FN:14,(anonymous_2)
FN:17,(anonymous_3)
FN:37,(anonymous_4)
FNF:5
FNH:4
FNDA:3,(anonymous_0)
FNDA:6,(anonymous_1)
FNDA:6,(anonymous_2)
FNDA:1,(anonymous_3)
FNDA:0,(anonymous_4)
DA:9,1
DA:10,3
DA:11,3
DA:12,3
DA:13,6
DA:14,6
DA:15,3
DA:17,3
DA:18,1
DA:19,0
DA:21,1
DA:26,3
DA:28,3
DA:37,0
LF:14
LH:12
BRDA:18,0,0,0
BRDA:18,0,1,1
BRDA:21,1,0,1
BRDA:21,1,1,0
BRDA:40,2,0,0
BRDA:40,2,1,3
BRDA:51,3,0,0
BRDA:51,3,1,3
BRDA:55,4,0,3
BRDA:55,4,1,0
BRDA:71,5,0,1
BRDA:71,5,1,2
BRDA:81,6,0,0
BRDA:81,6,1,3
BRF:14
BRH:8
end_of_record
TN:
SF:src\components\RestaurantCard.js
FN:3,(anonymous_0)
FN:29,(anonymous_1)
FN:30,(anonymous_2)
FNF:3
FNH:2
FNDA:3,(anonymous_0)
FNDA:3,(anonymous_1)
FNDA:0,(anonymous_2)
DA:3,2
DA:4,3
DA:6,2
DA:8,0
DA:29,2
DA:30,3
DA:31,0
LF:7
LH:5
BRF:0
BRH:0
end_of_record
TN:
SF:src\components\Shimmer.js
FN:1,(anonymous_0)
FN:4,(anonymous_1)
FN:14,(anonymous_2)
FNF:3
FNH:2
FNDA:1,(anonymous_0)
FNDA:8,(anonymous_1)
FNDA:0,(anonymous_2)
DA:1,1
DA:2,1
DA:5,8
DA:14,1
DA:15,0
LF:5
LH:4
BRF:0
BRH:0
end_of_record
TN:
SF:src\components\sum.js
FN:1,(anonymous_0)
FNF:1
FNH:1
FNDA:1,(anonymous_0)
DA:1,1
DA:2,1
LF:2
LH:2
BRF:0
BRH:0
end_of_record
TN:
SF:src\utils\appStore.js
FNF:0
FNH:0
DA:5,1
LF:1
LH:1
BRF:0
BRH:0
end_of_record
TN:
SF:src\utils\authSlice.js
FN:10,(anonymous_0)
FN:14,(anonymous_1)
FNF:2
FNH:2
FNDA:1,(anonymous_0)
FNDA:2,(anonymous_1)
DA:3,1
DA:11,1
DA:12,1
DA:15,2
DA:16,2
DA:21,1
LF:6
LH:6
BRF:0
BRH:0
end_of_record
TN:
SF:src\utils\cartSlice.js
FN:18,(anonymous_0)
FN:22,(anonymous_1)
FN:25,(anonymous_2)
FNF:3
FNH:0
FNDA:0,(anonymous_0)
FNDA:0,(anonymous_1)
FNDA:0,(anonymous_2)
DA:3,1
DA:20,0
DA:23,0
DA:26,0
DA:32,1
LF:5
LH:2
BRF:0
BRH:0
end_of_record
TN:
SF:src\utils\constants.js
FNF:0
FNH:0
DA:1,3
DA:3,3
DA:4,3
DA:6,3
DA:8,3
DA:10,3
DA:12,3
LF:7
LH:7
BRF:0
BRH:0
end_of_record
TN:
SF:src\utils\useDebounce.js
FN:3,(anonymous_0)
FN:6,(anonymous_1)
FN:7,(anonymous_2)
FN:8,(anonymous_3)
FNF:4
FNH:3
FNDA:3,(anonymous_0)
FNDA:1,(anonymous_1)
FNDA:0,(anonymous_2)
FNDA:1,(anonymous_3)
DA:3,1
DA:4,3
DA:6,3
DA:7,1
DA:8,1
DA:11,3
LF:6
LH:6
BRDA:3,0,0,0
BRF:1
BRH:0
end_of_record
TN:
SF:src\utils\useOnlineStatus.js
FN:3,(anonymous_0)
FN:9,(anonymous_1)
FN:10,(anonymous_2)
FN:14,(anonymous_3)
FNF:4
FNH:2
FNDA:6,(anonymous_0)
FNDA:3,(anonymous_1)
FNDA:0,(anonymous_2)
FNDA:0,(anonymous_3)
DA:3,2
DA:5,6
DA:9,6
DA:10,3
DA:11,0
DA:14,3
DA:15,0
DA:19,6
LF:8
LH:6
BRF:0
BRH:0
end_of_record
TN:
SF:src\utils\userContext.js
FNF:0
FNH:0
DA:3,2
LF:1
LH:1
BRF:0
BRH:0
end_of_record
